<?xml version="1.0" encoding="UTF-8"?>
<testsuite xmlns:xsi="http://www.w3.org/2001/XMLSchema-instance" xsi:noNamespaceSchemaLocation="https://maven.apache.org/surefire/maven-surefire-plugin/xsd/surefire-test-report.xsd" name="com.chtrembl.commonsinfected.CommonsInfectedApplicationTests" time="7.746" tests="1" errors="0" skipped="0" failures="0">
  <properties>
    <property name="java.specification.version" value="13"/>
    <property name="sun.management.compiler" value="HotSpot 64-Bit Tiered Compilers"/>
    <property name="sun.jnu.encoding" value="UTF-8"/>
    <property name="java.runtime.version" value="13.0.2+8"/>
    <property name="java.class.path" value="/mnt/c/Users/chtrembl/dev/git/commons-infected/target/test-classes:/mnt/c/Users/chtrembl/dev/git/commons-infected/target/classes:/home/chtrembl/.m2/repository/org/apache/logging/log4j/log4j-core/2.0.2/log4j-core-2.0.2.jar:/home/chtrembl/.m2/repository/org/apache/logging/log4j/log4j-api/2.17.2/log4j-api-2.17.2.jar:/home/chtrembl/.m2/repository/org/springframework/boot/spring-boot-starter/2.7.0/spring-boot-starter-2.7.0.jar:/home/chtrembl/.m2/repository/org/springframework/boot/spring-boot/2.7.0/spring-boot-2.7.0.jar:/home/chtrembl/.m2/repository/org/springframework/spring-context/5.3.20/spring-context-5.3.20.jar:/home/chtrembl/.m2/repository/org/springframework/spring-aop/5.3.20/spring-aop-5.3.20.jar:/home/chtrembl/.m2/repository/org/springframework/spring-beans/5.3.20/spring-beans-5.3.20.jar:/home/chtrembl/.m2/repository/org/springframework/spring-expression/5.3.20/spring-expression-5.3.20.jar:/home/chtrembl/.m2/repository/org/springframework/boot/spring-boot-autoconfigure/2.7.0/spring-boot-autoconfigure-2.7.0.jar:/home/chtrembl/.m2/repository/org/springframework/boot/spring-boot-starter-logging/2.7.0/spring-boot-starter-logging-2.7.0.jar:/home/chtrembl/.m2/repository/ch/qos/logback/logback-classic/1.2.11/logback-classic-1.2.11.jar:/home/chtrembl/.m2/repository/ch/qos/logback/logback-core/1.2.11/logback-core-1.2.11.jar:/home/chtrembl/.m2/repository/org/apache/logging/log4j/log4j-to-slf4j/2.17.2/log4j-to-slf4j-2.17.2.jar:/home/chtrembl/.m2/repository/org/slf4j/jul-to-slf4j/1.7.36/jul-to-slf4j-1.7.36.jar:/home/chtrembl/.m2/repository/jakarta/annotation/jakarta.annotation-api/1.3.5/jakarta.annotation-api-1.3.5.jar:/home/chtrembl/.m2/repository/org/springframework/spring-core/5.3.20/spring-core-5.3.20.jar:/home/chtrembl/.m2/repository/org/springframework/spring-jcl/5.3.20/spring-jcl-5.3.20.jar:/home/chtrembl/.m2/repository/org/yaml/snakeyaml/1.30/snakeyaml-1.30.jar:/home/chtrembl/.m2/repository/org/springframework/boot/spring-boot-starter-test/2.7.0/spring-boot-starter-test-2.7.0.jar:/home/chtrembl/.m2/repository/org/springframework/boot/spring-boot-test/2.7.0/spring-boot-test-2.7.0.jar:/home/chtrembl/.m2/repository/org/springframework/boot/spring-boot-test-autoconfigure/2.7.0/spring-boot-test-autoconfigure-2.7.0.jar:/home/chtrembl/.m2/repository/com/jayway/jsonpath/json-path/2.7.0/json-path-2.7.0.jar:/home/chtrembl/.m2/repository/net/minidev/json-smart/2.4.8/json-smart-2.4.8.jar:/home/chtrembl/.m2/repository/net/minidev/accessors-smart/2.4.8/accessors-smart-2.4.8.jar:/home/chtrembl/.m2/repository/org/ow2/asm/asm/9.1/asm-9.1.jar:/home/chtrembl/.m2/repository/org/slf4j/slf4j-api/1.7.36/slf4j-api-1.7.36.jar:/home/chtrembl/.m2/repository/jakarta/xml/bind/jakarta.xml.bind-api/2.3.3/jakarta.xml.bind-api-2.3.3.jar:/home/chtrembl/.m2/repository/jakarta/activation/jakarta.activation-api/1.2.2/jakarta.activation-api-1.2.2.jar:/home/chtrembl/.m2/repository/org/assertj/assertj-core/3.22.0/assertj-core-3.22.0.jar:/home/chtrembl/.m2/repository/org/hamcrest/hamcrest/2.2/hamcrest-2.2.jar:/home/chtrembl/.m2/repository/org/junit/jupiter/junit-jupiter/5.8.2/junit-jupiter-5.8.2.jar:/home/chtrembl/.m2/repository/org/junit/jupiter/junit-jupiter-api/5.8.2/junit-jupiter-api-5.8.2.jar:/home/chtrembl/.m2/repository/org/opentest4j/opentest4j/1.2.0/opentest4j-1.2.0.jar:/home/chtrembl/.m2/repository/org/junit/platform/junit-platform-commons/1.8.2/junit-platform-commons-1.8.2.jar:/home/chtrembl/.m2/repository/org/apiguardian/apiguardian-api/1.1.2/apiguardian-api-1.1.2.jar:/home/chtrembl/.m2/repository/org/junit/jupiter/junit-jupiter-params/5.8.2/junit-jupiter-params-5.8.2.jar:/home/chtrembl/.m2/repository/org/junit/jupiter/junit-jupiter-engine/5.8.2/junit-jupiter-engine-5.8.2.jar:/home/chtrembl/.m2/repository/org/junit/platform/junit-platform-engine/1.8.2/junit-platform-engine-1.8.2.jar:/home/chtrembl/.m2/repository/org/mockito/mockito-core/4.5.1/mockito-core-4.5.1.jar:/home/chtrembl/.m2/repository/net/bytebuddy/byte-buddy/1.12.10/byte-buddy-1.12.10.jar:/home/chtrembl/.m2/repository/net/bytebuddy/byte-buddy-agent/1.12.10/byte-buddy-agent-1.12.10.jar:/home/chtrembl/.m2/repository/org/objenesis/objenesis/3.2/objenesis-3.2.jar:/home/chtrembl/.m2/repository/org/mockito/mockito-junit-jupiter/4.5.1/mockito-junit-jupiter-4.5.1.jar:/home/chtrembl/.m2/repository/org/skyscreamer/jsonassert/1.5.0/jsonassert-1.5.0.jar:/home/chtrembl/.m2/repository/com/vaadin/external/google/android-json/0.0.20131108.vaadin1/android-json-0.0.20131108.vaadin1.jar:/home/chtrembl/.m2/repository/org/springframework/spring-test/5.3.20/spring-test-5.3.20.jar:/home/chtrembl/.m2/repository/org/xmlunit/xmlunit-core/2.9.0/xmlunit-core-2.9.0.jar:"/>
    <property name="user.name" value="chtrembl"/>
    <property name="java.vm.vendor" value="Oracle Corporation"/>
    <property name="path.separator" value=":"/>
    <property name="sun.arch.data.model" value="64"/>
    <property name="os.version" value="5.10.102.1-microsoft-standard-WSL2"/>
    <property name="java.runtime.name" value="OpenJDK Runtime Environment"/>
    <property name="file.encoding" value="UTF-8"/>
    <property name="java.vendor.url" value="https://java.oracle.com/"/>
    <property name="java.vm.name" value="OpenJDK 64-Bit Server VM"/>
    <property name="java.vm.specification.version" value="13"/>
    <property name="os.name" value="Linux"/>
    <property name="sun.java.launcher" value="SUN_STANDARD"/>
    <property name="localRepository" value="/home/chtrembl/.m2/repository"/>
    <property name="sun.boot.library.path" value="/mnt/c/Users/chtrembl/dev/tools/linux/java/jdk-13.0.2/lib"/>
    <property name="sun.java.command" value="/mnt/c/Users/chtrembl/dev/git/commons-infected/target/surefire/surefirebooter17972899068364982672.jar /mnt/c/Users/chtrembl/dev/git/commons-infected/target/surefire 2022-06-07T17-36-51_258-jvmRun1 surefire2680446378368880376tmp surefire_0642181395164266846tmp"/>
    <property name="java.vendor.url.bug" value="https://bugreport.java.com/bugreport/"/>
    <property name="java.io.tmpdir" value="/tmp"/>
    <property name="jdk.debug" value="release"/>
    <property name="surefire.test.class.path" value="/mnt/c/Users/chtrembl/dev/git/commons-infected/target/test-classes:/mnt/c/Users/chtrembl/dev/git/commons-infected/target/classes:/home/chtrembl/.m2/repository/org/apache/logging/log4j/log4j-core/2.0.2/log4j-core-2.0.2.jar:/home/chtrembl/.m2/repository/org/apache/logging/log4j/log4j-api/2.17.2/log4j-api-2.17.2.jar:/home/chtrembl/.m2/repository/org/springframework/boot/spring-boot-starter/2.7.0/spring-boot-starter-2.7.0.jar:/home/chtrembl/.m2/repository/org/springframework/boot/spring-boot/2.7.0/spring-boot-2.7.0.jar:/home/chtrembl/.m2/repository/org/springframework/spring-context/5.3.20/spring-context-5.3.20.jar:/home/chtrembl/.m2/repository/org/springframework/spring-aop/5.3.20/spring-aop-5.3.20.jar:/home/chtrembl/.m2/repository/org/springframework/spring-beans/5.3.20/spring-beans-5.3.20.jar:/home/chtrembl/.m2/repository/org/springframework/spring-expression/5.3.20/spring-expression-5.3.20.jar:/home/chtrembl/.m2/repository/org/springframework/boot/spring-boot-autoconfigure/2.7.0/spring-boot-autoconfigure-2.7.0.jar:/home/chtrembl/.m2/repository/org/springframework/boot/spring-boot-starter-logging/2.7.0/spring-boot-starter-logging-2.7.0.jar:/home/chtrembl/.m2/repository/ch/qos/logback/logback-classic/1.2.11/logback-classic-1.2.11.jar:/home/chtrembl/.m2/repository/ch/qos/logback/logback-core/1.2.11/logback-core-1.2.11.jar:/home/chtrembl/.m2/repository/org/apache/logging/log4j/log4j-to-slf4j/2.17.2/log4j-to-slf4j-2.17.2.jar:/home/chtrembl/.m2/repository/org/slf4j/jul-to-slf4j/1.7.36/jul-to-slf4j-1.7.36.jar:/home/chtrembl/.m2/repository/jakarta/annotation/jakarta.annotation-api/1.3.5/jakarta.annotation-api-1.3.5.jar:/home/chtrembl/.m2/repository/org/springframework/spring-core/5.3.20/spring-core-5.3.20.jar:/home/chtrembl/.m2/repository/org/springframework/spring-jcl/5.3.20/spring-jcl-5.3.20.jar:/home/chtrembl/.m2/repository/org/yaml/snakeyaml/1.30/snakeyaml-1.30.jar:/home/chtrembl/.m2/repository/org/springframework/boot/spring-boot-starter-test/2.7.0/spring-boot-starter-test-2.7.0.jar:/home/chtrembl/.m2/repository/org/springframework/boot/spring-boot-test/2.7.0/spring-boot-test-2.7.0.jar:/home/chtrembl/.m2/repository/org/springframework/boot/spring-boot-test-autoconfigure/2.7.0/spring-boot-test-autoconfigure-2.7.0.jar:/home/chtrembl/.m2/repository/com/jayway/jsonpath/json-path/2.7.0/json-path-2.7.0.jar:/home/chtrembl/.m2/repository/net/minidev/json-smart/2.4.8/json-smart-2.4.8.jar:/home/chtrembl/.m2/repository/net/minidev/accessors-smart/2.4.8/accessors-smart-2.4.8.jar:/home/chtrembl/.m2/repository/org/ow2/asm/asm/9.1/asm-9.1.jar:/home/chtrembl/.m2/repository/org/slf4j/slf4j-api/1.7.36/slf4j-api-1.7.36.jar:/home/chtrembl/.m2/repository/jakarta/xml/bind/jakarta.xml.bind-api/2.3.3/jakarta.xml.bind-api-2.3.3.jar:/home/chtrembl/.m2/repository/jakarta/activation/jakarta.activation-api/1.2.2/jakarta.activation-api-1.2.2.jar:/home/chtrembl/.m2/repository/org/assertj/assertj-core/3.22.0/assertj-core-3.22.0.jar:/home/chtrembl/.m2/repository/org/hamcrest/hamcrest/2.2/hamcrest-2.2.jar:/home/chtrembl/.m2/repository/org/junit/jupiter/junit-jupiter/5.8.2/junit-jupiter-5.8.2.jar:/home/chtrembl/.m2/repository/org/junit/jupiter/junit-jupiter-api/5.8.2/junit-jupiter-api-5.8.2.jar:/home/chtrembl/.m2/repository/org/opentest4j/opentest4j/1.2.0/opentest4j-1.2.0.jar:/home/chtrembl/.m2/repository/org/junit/platform/junit-platform-commons/1.8.2/junit-platform-commons-1.8.2.jar:/home/chtrembl/.m2/repository/org/apiguardian/apiguardian-api/1.1.2/apiguardian-api-1.1.2.jar:/home/chtrembl/.m2/repository/org/junit/jupiter/junit-jupiter-params/5.8.2/junit-jupiter-params-5.8.2.jar:/home/chtrembl/.m2/repository/org/junit/jupiter/junit-jupiter-engine/5.8.2/junit-jupiter-engine-5.8.2.jar:/home/chtrembl/.m2/repository/org/junit/platform/junit-platform-engine/1.8.2/junit-platform-engine-1.8.2.jar:/home/chtrembl/.m2/repository/org/mockito/mockito-core/4.5.1/mockito-core-4.5.1.jar:/home/chtrembl/.m2/repository/net/bytebuddy/byte-buddy/1.12.10/byte-buddy-1.12.10.jar:/home/chtrembl/.m2/repository/net/bytebuddy/byte-buddy-agent/1.12.10/byte-buddy-agent-1.12.10.jar:/home/chtrembl/.m2/repository/org/objenesis/objenesis/3.2/objenesis-3.2.jar:/home/chtrembl/.m2/repository/org/mockito/mockito-junit-jupiter/4.5.1/mockito-junit-jupiter-4.5.1.jar:/home/chtrembl/.m2/repository/org/skyscreamer/jsonassert/1.5.0/jsonassert-1.5.0.jar:/home/chtrembl/.m2/repository/com/vaadin/external/google/android-json/0.0.20131108.vaadin1/android-json-0.0.20131108.vaadin1.jar:/home/chtrembl/.m2/repository/org/springframework/spring-test/5.3.20/spring-test-5.3.20.jar:/home/chtrembl/.m2/repository/org/xmlunit/xmlunit-core/2.9.0/xmlunit-core-2.9.0.jar:"/>
    <property name="sun.cpu.endian" value="little"/>
    <property name="java.version" value="13.0.2"/>
    <property name="user.home" value="/home/chtrembl"/>
    <property name="user.dir" value="/mnt/c/Users/chtrembl/dev/git/commons-infected"/>
    <property name="os.arch" value="amd64"/>
    <property name="user.language" value="en"/>
    <property name="java.specification.vendor" value="Oracle Corporation"/>
    <property name="java.vm.specification.name" value="Java Virtual Machine Specification"/>
    <property name="java.version.date" value="2020-01-14"/>
    <property name="java.home" value="/mnt/c/Users/chtrembl/dev/tools/linux/java/jdk-13.0.2"/>
    <property name="file.separator" value="/"/>
    <property name="basedir" value="/mnt/c/Users/chtrembl/dev/git/commons-infected"/>
    <property name="java.vm.compressedOopsMode" value="32-bit"/>
    <property name="line.separator" value="&#10;"/>
    <property name="java.library.path" value="/usr/java/packages/lib:/usr/lib64:/lib64:/lib:/usr/lib"/>
    <property name="java.vm.info" value="mixed mode, sharing"/>
    <property name="java.vm.specification.vendor" value="Oracle Corporation"/>
    <property name="java.specification.name" value="Java Platform API Specification"/>
    <property name="java.vendor" value="Oracle Corporation"/>
    <property name="java.vm.version" value="13.0.2+8"/>
    <property name="sun.io.unicode.encoding" value="UnicodeLittle"/>
    <property name="java.class.version" value="57.0"/>
    <property name="surefire.real.class.path" value="/mnt/c/Users/chtrembl/dev/git/commons-infected/target/surefire/surefirebooter17972899068364982672.jar"/>
  </properties>
  <testcase name="contextLoads" classname="com.chtrembl.commonsinfected.CommonsInfectedApplicationTests" time="2.78"/>
</testsuite>